0 info it worked if it ends with ok
1 verbose cli [ '/usr/bin/node',
1 verbose cli   '/usr/bin/npm',
1 verbose cli   'install',
1 verbose cli   'jquery',
1 verbose cli   '—',
1 verbose cli   'save' ]
2 info using npm@3.5.2
3 info using node@v8.10.0
4 silly loadCurrentTree Starting
5 silly install loadCurrentTree
6 silly install readLocalPackageData
7 silly fetchPackageMetaData jquery
8 silly fetchPackageMetaData —
9 silly fetchPackageMetaData save
10 silly fetchNamedPackageData jquery
11 silly mapToRegistry name jquery
12 silly mapToRegistry using default registry
13 silly mapToRegistry registry https://registry.npmjs.org/
14 silly mapToRegistry uri https://registry.npmjs.org/jquery
15 silly fetchOtherPackageData —
16 silly cache add args [ '—', null ]
17 verbose cache add spec —
18 silly fetchNamedPackageData save
19 silly mapToRegistry name save
20 silly mapToRegistry using default registry
21 silly mapToRegistry registry https://registry.npmjs.org/
22 silly mapToRegistry uri https://registry.npmjs.org/save
23 verbose request uri https://registry.npmjs.org/jquery
24 verbose request no auth needed
25 info attempt registry request try #1 at 6:09:23 pm
26 verbose request id 4206cfadbb97f9d6
27 http request GET https://registry.npmjs.org/jquery
28 silly cache add parsed spec Result {
28 silly cache add   raw: '—',
28 silly cache add   scope: null,
28 silly cache add   name: null,
28 silly cache add   rawSpec: '—',
28 silly cache add   spec: '/home/guy/Desktop/ICE/ice/—',
28 silly cache add   type: 'local' }
29 verbose stack TypeError: The header content contains invalid characters
29 verbose stack     at validateHeader (_http_outgoing.js:494:11)
29 verbose stack     at ClientRequest.setHeader (_http_outgoing.js:498:3)
29 verbose stack     at new ClientRequest (_http_client.js:173:14)
29 verbose stack     at Object.request (http.js:38:10)
29 verbose stack     at Object.request (https.js:239:15)
29 verbose stack     at Request.start (/usr/share/npm/node_modules/request/request.js:793:30)
29 verbose stack     at Request.end (/usr/share/npm/node_modules/request/request.js:1400:10)
29 verbose stack     at end (/usr/share/npm/node_modules/request/request.js:564:14)
29 verbose stack     at Immediate._onImmediate (/usr/share/npm/node_modules/request/request.js:578:7)
29 verbose stack     at runCallback (timers.js:794:20)
30 verbose cwd /home/guy/Desktop/ICE/ice
31 error Linux 4.18.0-16-generic
32 error argv "/usr/bin/node" "/usr/bin/npm" "install" "jquery" "—" "save"
33 error node v8.10.0
34 error npm  v3.5.2
35 error The header content contains invalid characters
36 error If you need help, you may report this error at:
36 error     <https://github.com/npm/npm/issues>
37 verbose exit [ 1, true ]
